#
# A fatal error has been detected by the Java Runtime Environment:
#
#  EXCEPTION_ACCESS_VIOLATION (0xc0000005) at pc=0x00007ff9a23b363b, pid=26016, tid=20952
#
# JRE version: OpenJDK Runtime Environment Temurin-17.0.1+12 (17.0.1+12) (build 17.0.1+12)
# Java VM: OpenJDK 64-Bit Server VM Temurin-17.0.1+12 (17.0.1+12, mixed mode, tiered, compressed oops, compressed class ptrs, g1 gc, windows-amd64)
# Problematic frame:
# V  [jvm.dll+0x65363b]
#
# No core dump will be written. Minidumps are not enabled by default on client versions of Windows
#
# If you would like to submit a bug report, please visit:
#   https://github.com/adoptium/adoptium-support/issues
#

---------------  S U M M A R Y ------------

Command Line: -Dfile.encoding=UTF-8 -XX:+ShowCodeDetailsInExceptionMessages web.score0602.ScoreEx

Host: 11th Gen Intel(R) Core(TM) i5-11400 @ 2.60GHz, 12 cores, 15G,  Windows 10 , 64 bit Build 22621 (10.0.22621.1635)
Time: Fri Jun  2 14:19:00 2023  Windows 10 , 64 bit Build 22621 (10.0.22621.1635) elapsed time: 10.034590 seconds (0d 0h 0m 10s)

---------------  T H R E A D  ---------------

Current thread (0x0000025471cb8ec0):  JavaThread "C2 CompilerThread0" daemon [_thread_in_native, id=20952, stack(0x000000b29c300000,0x000000b29c400000)]


Current CompileTask:
C2:  10034  177       4       web.score0602.ScoreEx::main (303 bytes)

Stack: [0x000000b29c300000,0x000000b29c400000],  sp=0x000000b29c3facd0,  free space=1003k
Native frames: (J=compiled Java code, j=interpreted, Vv=VM code, C=native code)
V  [jvm.dll+0x65363b]
V  [jvm.dll+0x569e2c]
V  [jvm.dll+0x57de70]
V  [jvm.dll+0x57f5f5]
V  [jvm.dll+0x57bce9]
V  [jvm.dll+0x22022d]
V  [jvm.dll+0x2199e1]
V  [jvm.dll+0x217345]
V  [jvm.dll+0x1a355d]
V  [jvm.dll+0x226e38]
V  [jvm.dll+0x224f7c]
V  [jvm.dll+0x7e3f5b]
V  [jvm.dll+0x7de51a]
V  [jvm.dll+0x673305]
C  [ucrtbase.dll+0x29363]
C  [KERNEL32.DLL+0x126ad]
C  [ntdll.dll+0x5a9f8]


siginfo: EXCEPTION_ACCESS_VIOLATION (0xc0000005), reading address 0x0000000000000020


Register to memory mapping:

RIP=0x00007ff9a23b363b jvm.dll
RAX=0x0 is NULL
RBX=0x0 is NULL
RCX=0x0 is NULL
RDX=0x0000000000000001 is an unknown value
RSP=0x000000b29c3facd0 is pointing into the stack for thread: 0x0000025471cb8ec0
RBP=0x0 is NULL
RSI=0x0 is NULL
RDI=0x000002547204dca0 points into unknown readable memory: 0x00007ff9a2671a30 | 30 1a 67 a2 f9 7f 00 00
R8 =0x000002547204dca0 points into unknown readable memory: 0x00007ff9a2671a30 | 30 1a 67 a2 f9 7f 00 00
R9 =0x000002547204dc88 points into unknown readable memory: 0x000002547204dca0 | a0 dc 04 72 54 02 00 00
R10=0xfefefefefefefeff is an unknown value
R11=0x8080808080808080 is an unknown value
R12=0x0000000000000001 is an unknown value
R13=0x000002547204e350 points into unknown readable memory: 0x00007ff9a2686a08 | 08 6a 68 a2 f9 7f 00 00
R14=0x000000b29c3fb180 is pointing into the stack for thread: 0x0000025471cb8ec0
R15=0x0 is NULL


Registers:
RAX=0x0000000000000000, RBX=0x0000000000000000, RCX=0x0000000000000000, RDX=0x0000000000000001
RSP=0x000000b29c3facd0, RBP=0x0000000000000000, RSI=0x0000000000000000, RDI=0x000002547204dca0
R8 =0x000002547204dca0, R9 =0x000002547204dc88, R10=0xfefefefefefefeff, R11=0x8080808080808080
R12=0x0000000000000001, R13=0x000002547204e350, R14=0x000000b29c3fb180, R15=0x0000000000000000
RIP=0x00007ff9a23b363b, EFLAGS=0x0000000000010246

Top of Stack: (sp=0x000000b29c3facd0)
0x000000b29c3facd0:   000002547204e788 00007ff9a23b1e0c
0x000000b29c3face0:   000002547204e350 00007ff9a23a20d7
0x000000b29c3facf0:   000002547204dca0 00007ff9a22c9e2c
0x000000b29c3fad00:   000000b29c3fada0 000002547204dbc8
0x000000b29c3fad10:   000000b29c3fada0 00007ff9a22c9ccc
0x000000b29c3fad20:   0000000000000000 0000000000040300
0x000000b29c3fad30:   0000025452300cf0 000002547204e720
0x000000b29c3fad40:   0000025472154050 00007ff9a22dde70
0x000000b29c3fad50:   000000b29c3fb180 000000b29c3fada0
0x000000b29c3fad60:   000000b29c3fb180 000002547204e720
0x000000b29c3fad70:   0000025471e3e8e8 00007ff9a22df5f5
0x000000b29c3fad80:   0000000000000001 0000000000000000
0x000000b29c3fad90:   000000b29c3faf00 00000254720e9330
0x000000b29c3fada0:   0000025471cab340 00007ff900000008
0x000000b29c3fadb0:   000002547220dd40 0000000000000006
0x000000b29c3fadc0:   0000025400000040 000002547220dc40 

Instructions: (pc=0x00007ff9a23b363b)
0x00007ff9a23b353b:   f8 75 f6 ff c9 41 89 4a 20 48 8b 14 ca 48 89 10
0x00007ff9a23b354b:   41 8b d3 49 8b c9 e9 aa d8 ff ff c3 cc cc cc cc
0x00007ff9a23b355b:   cc cc cc cc cc 48 89 5c 24 08 57 48 83 ec 20 65
0x00007ff9a23b356b:   48 8b 04 25 58 00 00 00 48 8b d9 8b 15 bc 4b 55
0x00007ff9a23b357b:   00 48 8b 3c d0 b8 48 00 00 00 80 3c 38 00 75 05
0x00007ff9a23b358b:   e8 4c 61 23 00 b8 18 00 00 00 48 8b 04 38 48 8b
0x00007ff9a23b359b:   88 d0 04 00 00 48 8b 81 80 00 00 00 48 3b 98 d0
0x00007ff9a23b35ab:   02 00 00 75 15 33 c0 48 89 43 20 48 89 43 10 48
0x00007ff9a23b35bb:   8b 5c 24 30 48 83 c4 20 5f c3 48 83 7b 10 00 75
0x00007ff9a23b35cb:   08 48 c7 43 10 ff ff ff ff 48 8b 5c 24 30 48 83
0x00007ff9a23b35db:   c4 20 5f c3 cc 8b 41 2c 83 e0 1f 3c 14 75 2d 66
0x00007ff9a23b35eb:   0f 1f 44 00 00 83 79 18 02 75 21 8b 41 2c 83 e0
0x00007ff9a23b35fb:   1f 3c 14 75 17 84 d2 74 06 83 79 40 00 75 0d 48
0x00007ff9a23b360b:   8b 41 08 48 8b 48 08 48 85 c9 75 d9 48 8b c1 c3
0x00007ff9a23b361b:   cc cc cc cc cc 48 89 5c 24 08 48 89 6c 24 10 48
0x00007ff9a23b362b:   89 74 24 18 57 48 83 ec 20 33 ed 48 8b f1 8b dd
0x00007ff9a23b363b:   39 59 20 76 2b 48 8b 46 10 8b d3 48 8b 3c d0 48
0x00007ff9a23b364b:   8b cf 48 8b 07 ff 50 10 84 c0 74 0d 48 3b fe 74
0x00007ff9a23b365b:   08 48 85 ed 75 22 48 8b ef ff c3 3b 5e 20 72 d5
0x00007ff9a23b366b:   48 8b c5 48 8b 5c 24 30 48 8b 6c 24 38 48 8b 74
0x00007ff9a23b367b:   24 40 48 83 c4 20 5f c3 33 c0 eb e7 cc cc cc cc
0x00007ff9a23b368b:   cc cc cc cc cc 44 8b 49 18 33 c0 45 85 c9 74 25
0x00007ff9a23b369b:   4c 8b 51 10 90 44 8b c0 49 39 14 c2 74 08 ff c0
0x00007ff9a23b36ab:   41 3b c1 72 f0 c3 41 8d 41 ff 89 41 18 49 8b 0c
0x00007ff9a23b36bb:   c2 4b 89 0c c2 c3 cc cc cc cc cc cc cc cc cc cc
0x00007ff9a23b36cb:   cc cc cc cc cc b8 02 00 00 00 f0 0f c1 05 2b ad
0x00007ff9a23b36db:   52 00 83 c0 02 89 01 48 8b 05 17 ad 52 00 48 89
0x00007ff9a23b36eb:   41 08 48 8b c1 c3 cc cc cc cc cc cc cc cc cc cc
0x00007ff9a23b36fb:   cc cc cc cc cc 40 53 48 83 ec 20 48 8b d9 e8 92
0x00007ff9a23b370b:   a1 18 00 33 c9 c7 83 90 02 00 00 ff ff ff ff 48
0x00007ff9a23b371b:   8d 05 97 ce 34 00 48 89 8b 80 02 00 00 48 89 03
0x00007ff9a23b372b:   48 8d 05 6e cf 34 00 48 89 03 48 8b c3 48 89 8b 


Stack slot to memory mapping:
stack at sp + 0 slots: 0x000002547204e788 points into unknown readable memory: 0x00007ff9a26baff8 | f8 af 6b a2 f9 7f 00 00
stack at sp + 1 slots: 0x00007ff9a23b1e0c jvm.dll
stack at sp + 2 slots: 0x000002547204e350 points into unknown readable memory: 0x00007ff9a2686a08 | 08 6a 68 a2 f9 7f 00 00
stack at sp + 3 slots: 0x00007ff9a23a20d7 jvm.dll
stack at sp + 4 slots: 0x000002547204dca0 points into unknown readable memory: 0x00007ff9a2671a30 | 30 1a 67 a2 f9 7f 00 00
stack at sp + 5 slots: 0x00007ff9a22c9e2c jvm.dll
stack at sp + 6 slots: 0x000000b29c3fada0 is pointing into the stack for thread: 0x0000025471cb8ec0
stack at sp + 7 slots: 0x000002547204dbc8 points into unknown readable memory: 0x00007ff9a26717b8 | b8 17 67 a2 f9 7f 00 00


---------------  P R O C E S S  ---------------

Threads class SMR info:
_java_thread_list=0x0000025471df1df0, length=12, elements={
0x00000254522eec20, 0x0000025471c296b0, 0x0000025471c2c270, 0x0000025471cb42b0,
0x0000025471cb4d70, 0x0000025471cb7830, 0x0000025471cb81e0, 0x0000025471cb8ec0,
0x0000025471cc4e70, 0x0000025471ccef50, 0x0000025471e1cf10, 0x0000025471e1d670
}

Java Threads: ( => current thread )
  0x00000254522eec20 JavaThread "main" [_thread_in_Java, id=14412, stack(0x000000b29b600000,0x000000b29b700000)]
  0x0000025471c296b0 JavaThread "Reference Handler" daemon [_thread_blocked, id=24824, stack(0x000000b29bd00000,0x000000b29be00000)]
  0x0000025471c2c270 JavaThread "Finalizer" daemon [_thread_blocked, id=21244, stack(0x000000b29be00000,0x000000b29bf00000)]
  0x0000025471cb42b0 JavaThread "Signal Dispatcher" daemon [_thread_blocked, id=19848, stack(0x000000b29bf00000,0x000000b29c000000)]
  0x0000025471cb4d70 JavaThread "Attach Listener" daemon [_thread_blocked, id=23196, stack(0x000000b29c000000,0x000000b29c100000)]
  0x0000025471cb7830 JavaThread "Service Thread" daemon [_thread_blocked, id=20820, stack(0x000000b29c100000,0x000000b29c200000)]
  0x0000025471cb81e0 JavaThread "Monitor Deflation Thread" daemon [_thread_blocked, id=2460, stack(0x000000b29c200000,0x000000b29c300000)]
=>0x0000025471cb8ec0 JavaThread "C2 CompilerThread0" daemon [_thread_in_native, id=20952, stack(0x000000b29c300000,0x000000b29c400000)]
  0x0000025471cc4e70 JavaThread "C1 CompilerThread0" daemon [_thread_blocked, id=21268, stack(0x000000b29c400000,0x000000b29c500000)]
  0x0000025471ccef50 JavaThread "Sweeper thread" daemon [_thread_blocked, id=15508, stack(0x000000b29c500000,0x000000b29c600000)]
  0x0000025471e1cf10 JavaThread "Notification Thread" daemon [_thread_blocked, id=12836, stack(0x000000b29c600000,0x000000b29c700000)]
  0x0000025471e1d670 JavaThread "Common-Cleaner" daemon [_thread_blocked, id=25732, stack(0x000000b29c800000,0x000000b29c900000)]

Other Threads:
  0x0000025471c5a9d0 VMThread "VM Thread" [stack: 0x000000b29bc00000,0x000000b29bd00000] [id=9284]
  0x0000025471e1d3e0 WatcherThread [stack: 0x000000b29c700000,0x000000b29c800000] [id=1772]
  0x000002545233e750 GCTaskThread "GC Thread#0" [stack: 0x000000b29b700000,0x000000b29b800000] [id=23700]
  0x000002545234f1a0 ConcurrentGCThread "G1 Main Marker" [stack: 0x000000b29b800000,0x000000b29b900000] [id=1232]
  0x0000025452350520 ConcurrentGCThread "G1 Conc#0" [stack: 0x000000b29b900000,0x000000b29ba00000] [id=19992]
  0x00000254523bc3c0 ConcurrentGCThread "G1 Refine#0" [stack: 0x000000b29ba00000,0x000000b29bb00000] [id=13996]
  0x00000254523bcde0 ConcurrentGCThread "G1 Service" [stack: 0x000000b29bb00000,0x000000b29bc00000] [id=23160]

Threads with active compile tasks:
C2 CompilerThread0    10050  177       4       web.score0602.ScoreEx::main (303 bytes)

VM state: not at safepoint (normal execution)

VM Mutex/Monitor currently owned by a thread: None

Heap address: 0x0000000704e00000, size: 4018 MB, Compressed Oops mode: Zero based, Oop shift amount: 3

CDS archive(s) not mapped
Compressed class space mapped at: 0x0000000800000000-0x0000000840000000, reserved size: 1073741824
Narrow klass base: 0x0000000800000000, Narrow klass shift: 0, Narrow klass range: 0x40000000

GC Precious Log:
 CPUs: 12 total, 12 available
 Memory: 16071M
 Large Page Support: Disabled
 NUMA Support: Disabled
 Compressed Oops: Enabled (Zero based)
 Heap Region Size: 2M
 Heap Min Capacity: 8M
 Heap Initial Capacity: 252M
 Heap Max Capacity: 4018M
 Pre-touch: Disabled
 Parallel Workers: 10
 Concurrent Workers: 3
 Concurrent Refinement Workers: 10
 Periodic GC: Disabled

Heap:
 garbage-first heap   total 258048K, used 2048K [0x0000000704e00000, 0x0000000800000000)
  region size 2048K, 2 young (4096K), 0 survivors (0K)
 Metaspace       used 6497K, committed 6656K, reserved 1056768K
  class space    used 546K, committed 640K, reserved 1048576K

Heap Regions: E=young(eden), S=young(survivor), O=old, HS=humongous(starts), HC=humongous(continues), CS=collection set, F=free, OA=open archive, CA=closed archive, TAMS=top-at-mark-start (previous, next)
|   0|0x0000000704e00000, 0x0000000704e00000, 0x0000000705000000|  0%| F|  |TAMS 0x0000000704e00000, 0x0000000704e00000| Untracked 
|   1|0x0000000705000000, 0x0000000705000000, 0x0000000705200000|  0%| F|  |TAMS 0x0000000705000000, 0x0000000705000000| Untracked 
|   2|0x0000000705200000, 0x0000000705200000, 0x0000000705400000|  0%| F|  |TAMS 0x0000000705200000, 0x0000000705200000| Untracked 
|   3|0x0000000705400000, 0x0000000705400000, 0x0000000705600000|  0%| F|  |TAMS 0x0000000705400000, 0x0000000705400000| Untracked 
|   4|0x0000000705600000, 0x0000000705600000, 0x0000000705800000|  0%| F|  |TAMS 0x0000000705600000, 0x0000000705600000| Untracked 
|   5|0x0000000705800000, 0x0000000705800000, 0x0000000705a00000|  0%| F|  |TAMS 0x0000000705800000, 0x0000000705800000| Untracked 
|   6|0x0000000705a00000, 0x0000000705a00000, 0x0000000705c00000|  0%| F|  |TAMS 0x0000000705a00000, 0x0000000705a00000| Untracked 
|   7|0x0000000705c00000, 0x0000000705c00000, 0x0000000705e00000|  0%| F|  |TAMS 0x0000000705c00000, 0x0000000705c00000| Untracked 
|   8|0x0000000705e00000, 0x0000000705e00000, 0x0000000706000000|  0%| F|  |TAMS 0x0000000705e00000, 0x0000000705e00000| Untracked 
|   9|0x0000000706000000, 0x0000000706000000, 0x0000000706200000|  0%| F|  |TAMS 0x0000000706000000, 0x0000000706000000| Untracked 
|  10|0x0000000706200000, 0x0000000706200000, 0x0000000706400000|  0%| F|  |TAMS 0x0000000706200000, 0x0000000706200000| Untracked 
|  11|0x0000000706400000, 0x0000000706400000, 0x0000000706600000|  0%| F|  |TAMS 0x0000000706400000, 0x0000000706400000| Untracked 
|  12|0x0000000706600000, 0x0000000706600000, 0x0000000706800000|  0%| F|  |TAMS 0x0000000706600000, 0x0000000706600000| Untracked 
|  13|0x0000000706800000, 0x0000000706800000, 0x0000000706a00000|  0%| F|  |TAMS 0x0000000706800000, 0x0000000706800000| Untracked 
|  14|0x0000000706a00000, 0x0000000706a00000, 0x0000000706c00000|  0%| F|  |TAMS 0x0000000706a00000, 0x0000000706a00000| Untracked 
|  15|0x0000000706c00000, 0x0000000706c00000, 0x0000000706e00000|  0%| F|  |TAMS 0x0000000706c00000, 0x0000000706c00000| Untracked 
|  16|0x0000000706e00000, 0x0000000706e00000, 0x0000000707000000|  0%| F|  |TAMS 0x0000000706e00000, 0x0000000706e00000| Untracked 
|  17|0x0000000707000000, 0x0000000707000000, 0x0000000707200000|  0%| F|  |TAMS 0x0000000707000000, 0x0000000707000000| Untracked 
|  18|0x0000000707200000, 0x0000000707200000, 0x0000000707400000|  0%| F|  |TAMS 0x0000000707200000, 0x0000000707200000| Untracked 
|  19|0x0000000707400000, 0x0000000707400000, 0x0000000707600000|  0%| F|  |TAMS 0x0000000707400000, 0x0000000707400000| Untracked 
|  20|0x0000000707600000, 0x0000000707600000, 0x0000000707800000|  0%| F|  |TAMS 0x0000000707600000, 0x0000000707600000| Untracked 
|  21|0x0000000707800000, 0x0000000707800000, 0x0000000707a00000|  0%| F|  |TAMS 0x0000000707800000, 0x0000000707800000| Untracked 
|  22|0x0000000707a00000, 0x0000000707a00000, 0x0000000707c00000|  0%| F|  |TAMS 0x0000000707a00000, 0x0000000707a00000| Untracked 
|  23|0x0000000707c00000, 0x0000000707c00000, 0x0000000707e00000|  0%| F|  |TAMS 0x0000000707c00000, 0x0000000707c00000| Untracked 
|  24|0x0000000707e00000, 0x0000000707e00000, 0x0000000708000000|  0%| F|  |TAMS 0x0000000707e00000, 0x0000000707e00000| Untracked 
|  25|0x0000000708000000, 0x0000000708000000, 0x0000000708200000|  0%| F|  |TAMS 0x0000000708000000, 0x0000000708000000| Untracked 
|  26|0x0000000708200000, 0x0000000708200000, 0x0000000708400000|  0%| F|  |TAMS 0x0000000708200000, 0x0000000708200000| Untracked 
|  27|0x0000000708400000, 0x0000000708400000, 0x0000000708600000|  0%| F|  |TAMS 0x0000000708400000, 0x0000000708400000| Untracked 
|  28|0x0000000708600000, 0x0000000708600000, 0x0000000708800000|  0%| F|  |TAMS 0x0000000708600000, 0x0000000708600000| Untracked 
|  29|0x0000000708800000, 0x0000000708800000, 0x0000000708a00000|  0%| F|  |TAMS 0x0000000708800000, 0x0000000708800000| Untracked 
|  30|0x0000000708a00000, 0x0000000708a00000, 0x0000000708c00000|  0%| F|  |TAMS 0x0000000708a00000, 0x0000000708a00000| Untracked 
|  31|0x0000000708c00000, 0x0000000708c00000, 0x0000000708e00000|  0%| F|  |TAMS 0x0000000708c00000, 0x0000000708c00000| Untracked 
|  32|0x0000000708e00000, 0x0000000708e00000, 0x0000000709000000|  0%| F|  |TAMS 0x0000000708e00000, 0x0000000708e00000| Untracked 
|  33|0x0000000709000000, 0x0000000709000000, 0x0000000709200000|  0%| F|  |TAMS 0x0000000709000000, 0x0000000709000000| Untracked 
|  34|0x0000000709200000, 0x0000000709200000, 0x0000000709400000|  0%| F|  |TAMS 0x0000000709200000, 0x0000000709200000| Untracked 
|  35|0x0000000709400000, 0x0000000709400000, 0x0000000709600000|  0%| F|  |TAMS 0x0000000709400000, 0x0000000709400000| Untracked 
|  36|0x0000000709600000, 0x0000000709600000, 0x0000000709800000|  0%| F|  |TAMS 0x0000000709600000, 0x0000000709600000| Untracked 
|  37|0x0000000709800000, 0x0000000709800000, 0x0000000709a00000|  0%| F|  |TAMS 0x0000000709800000, 0x0000000709800000| Untracked 
|  38|0x0000000709a00000, 0x0000000709a00000, 0x0000000709c00000|  0%| F|  |TAMS 0x0000000709a00000, 0x0000000709a00000| Untracked 
|  39|0x0000000709c00000, 0x0000000709c00000, 0x0000000709e00000|  0%| F|  |TAMS 0x0000000709c00000, 0x0000000709c00000| Untracked 
|  40|0x0000000709e00000, 0x0000000709e00000, 0x000000070a000000|  0%| F|  |TAMS 0x0000000709e00000, 0x0000000709e00000| Untracked 
|  41|0x000000070a000000, 0x000000070a000000, 0x000000070a200000|  0%| F|  |TAMS 0x000000070a000000, 0x000000070a000000| Untracked 
|  42|0x000000070a200000, 0x000000070a200000, 0x000000070a400000|  0%| F|  |TAMS 0x000000070a200000, 0x000000070a200000| Untracked 
|  43|0x000000070a400000, 0x000000070a400000, 0x000000070a600000|  0%| F|  |TAMS 0x000000070a400000, 0x000000070a400000| Untracked 
|  44|0x000000070a600000, 0x000000070a600000, 0x000000070a800000|  0%| F|  |TAMS 0x000000070a600000, 0x000000070a600000| Untracked 
|  45|0x000000070a800000, 0x000000070a800000, 0x000000070aa00000|  0%| F|  |TAMS 0x000000070a800000, 0x000000070a800000| Untracked 
|  46|0x000000070aa00000, 0x000000070aa00000, 0x000000070ac00000|  0%| F|  |TAMS 0x000000070aa00000, 0x000000070aa00000| Untracked 
|  47|0x000000070ac00000, 0x000000070ac00000, 0x000000070ae00000|  0%| F|  |TAMS 0x000000070ac00000, 0x000000070ac00000| Untracked 
|  48|0x000000070ae00000, 0x000000070ae00000, 0x000000070b000000|  0%| F|  |TAMS 0x000000070ae00000, 0x000000070ae00000| Untracked 
|  49|0x000000070b000000, 0x000000070b000000, 0x000000070b200000|  0%| F|  |TAMS 0x000000070b000000, 0x000000070b000000| Untracked 
|  50|0x000000070b200000, 0x000000070b200000, 0x000000070b400000|  0%| F|  |TAMS 0x000000070b200000, 0x000000070b200000| Untracked 
|  51|0x000000070b400000, 0x000000070b400000, 0x000000070b600000|  0%| F|  |TAMS 0x000000070b400000, 0x000000070b400000| Untracked 
|  52|0x000000070b600000, 0x000000070b600000, 0x000000070b800000|  0%| F|  |TAMS 0x000000070b600000, 0x000000070b600000| Untracked 
|  53|0x000000070b800000, 0x000000070b800000, 0x000000070ba00000|  0%| F|  |TAMS 0x000000070b800000, 0x000000070b800000| Untracked 
|  54|0x000000070ba00000, 0x000000070ba00000, 0x000000070bc00000|  0%| F|  |TAMS 0x000000070ba00000, 0x000000070ba00000| Untracked 
|  55|0x000000070bc00000, 0x000000070bc00000, 0x000000070be00000|  0%| F|  |TAMS 0x000000070bc00000, 0x000000070bc00000| Untracked 
|  56|0x000000070be00000, 0x000000070be00000, 0x000000070c000000|  0%| F|  |TAMS 0x000000070be00000, 0x000000070be00000| Untracked 
|  57|0x000000070c000000, 0x000000070c000000, 0x000000070c200000|  0%| F|  |TAMS 0x000000070c000000, 0x000000070c000000| Untracked 
|  58|0x000000070c200000, 0x000000070c200000, 0x000000070c400000|  0%| F|  |TAMS 0x000000070c200000, 0x000000070c200000| Untracked 
|  59|0x000000070c400000, 0x000000070c400000, 0x000000070c600000|  0%| F|  |TAMS 0x000000070c400000, 0x000000070c400000| Untracked 
|  60|0x000000070c600000, 0x000000070c600000, 0x000000070c800000|  0%| F|  |TAMS 0x000000070c600000, 0x000000070c600000| Untracked 
|  61|0x000000070c800000, 0x000000070c800000, 0x000000070ca00000|  0%| F|  |TAMS 0x000000070c800000, 0x000000070c800000| Untracked 
|  62|0x000000070ca00000, 0x000000070ca00000, 0x000000070cc00000|  0%| F|  |TAMS 0x000000070ca00000, 0x000000070ca00000| Untracked 
|  63|0x000000070cc00000, 0x000000070cc00000, 0x000000070ce00000|  0%| F|  |TAMS 0x000000070cc00000, 0x000000070cc00000| Untracked 
|  64|0x000000070ce00000, 0x000000070ce00000, 0x000000070d000000|  0%| F|  |TAMS 0x000000070ce00000, 0x000000070ce00000| Untracked 
|  65|0x000000070d000000, 0x000000070d000000, 0x000000070d200000|  0%| F|  |TAMS 0x000000070d000000, 0x000000070d000000| Untracked 
|  66|0x000000070d200000, 0x000000070d200000, 0x000000070d400000|  0%| F|  |TAMS 0x000000070d200000, 0x000000070d200000| Untracked 
|  67|0x000000070d400000, 0x000000070d400000, 0x000000070d600000|  0%| F|  |TAMS 0x000000070d400000, 0x000000070d400000| Untracked 
|  68|0x000000070d600000, 0x000000070d600000, 0x000000070d800000|  0%| F|  |TAMS 0x000000070d600000, 0x000000070d600000| Untracked 
|  69|0x000000070d800000, 0x000000070d800000, 0x000000070da00000|  0%| F|  |TAMS 0x000000070d800000, 0x000000070d800000| Untracked 
|  70|0x000000070da00000, 0x000000070da00000, 0x000000070dc00000|  0%| F|  |TAMS 0x000000070da00000, 0x000000070da00000| Untracked 
|  71|0x000000070dc00000, 0x000000070dc00000, 0x000000070de00000|  0%| F|  |TAMS 0x000000070dc00000, 0x000000070dc00000| Untracked 
|  72|0x000000070de00000, 0x000000070de00000, 0x000000070e000000|  0%| F|  |TAMS 0x000000070de00000, 0x000000070de00000| Untracked 
|  73|0x000000070e000000, 0x000000070e000000, 0x000000070e200000|  0%| F|  |TAMS 0x000000070e000000, 0x000000070e000000| Untracked 
|  74|0x000000070e200000, 0x000000070e200000, 0x000000070e400000|  0%| F|  |TAMS 0x000000070e200000, 0x000000070e200000| Untracked 
|  75|0x000000070e400000, 0x000000070e400000, 0x000000070e600000|  0%| F|  |TAMS 0x000000070e400000, 0x000000070e400000| Untracked 
|  76|0x000000070e600000, 0x000000070e600000, 0x000000070e800000|  0%| F|  |TAMS 0x000000070e600000, 0x000000070e600000| Untracked 
|  77|0x000000070e800000, 0x000000070e800000, 0x000000070ea00000|  0%| F|  |TAMS 0x000000070e800000, 0x000000070e800000| Untracked 
|  78|0x000000070ea00000, 0x000000070ea00000, 0x000000070ec00000|  0%| F|  |TAMS 0x000000070ea00000, 0x000000070ea00000| Untracked 
|  79|0x000000070ec00000, 0x000000070ec00000, 0x000000070ee00000|  0%| F|  |TAMS 0x000000070ec00000, 0x000000070ec00000| Untracked 
|  80|0x000000070ee00000, 0x000000070ee00000, 0x000000070f000000|  0%| F|  |TAMS 0x000000070ee00000, 0x000000070ee00000| Untracked 
|  81|0x000000070f000000, 0x000000070f000000, 0x000000070f200000|  0%| F|  |TAMS 0x000000070f000000, 0x000000070f000000| Untracked 
|  82|0x000000070f200000, 0x000000070f200000, 0x000000070f400000|  0%| F|  |TAMS 0x000000070f200000, 0x000000070f200000| Untracked 
|  83|0x000000070f400000, 0x000000070f400000, 0x000000070f600000|  0%| F|  |TAMS 0x000000070f400000, 0x000000070f400000| Untracked 
|  84|0x000000070f600000, 0x000000070f600000, 0x000000070f800000|  0%| F|  |TAMS 0x000000070f600000, 0x000000070f600000| Untracked 
|  85|0x000000070f800000, 0x000000070f800000, 0x000000070fa00000|  0%| F|  |TAMS 0x000000070f800000, 0x000000070f800000| Untracked 
|  86|0x000000070fa00000, 0x000000070fa00000, 0x000000070fc00000|  0%| F|  |TAMS 0x000000070fa00000, 0x000000070fa00000| Untracked 
|  87|0x000000070fc00000, 0x000000070fc00000, 0x000000070fe00000|  0%| F|  |TAMS 0x000000070fc00000, 0x000000070fc00000| Untracked 
|  88|0x000000070fe00000, 0x000000070fe00000, 0x0000000710000000|  0%| F|  |TAMS 0x000000070fe00000, 0x000000070fe00000| Untracked 
|  89|0x0000000710000000, 0x0000000710000000, 0x0000000710200000|  0%| F|  |TAMS 0x0000000710000000, 0x0000000710000000| Untracked 
|  90|0x0000000710200000, 0x0000000710200000, 0x0000000710400000|  0%| F|  |TAMS 0x0000000710200000, 0x0000000710200000| Untracked 
|  91|0x0000000710400000, 0x0000000710400000, 0x0000000710600000|  0%| F|  |TAMS 0x0000000710400000, 0x0000000710400000| Untracked 
|  92|0x0000000710600000, 0x0000000710600000, 0x0000000710800000|  0%| F|  |TAMS 0x0000000710600000, 0x0000000710600000| Untracked 
|  93|0x0000000710800000, 0x0000000710800000, 0x0000000710a00000|  0%| F|  |TAMS 0x0000000710800000, 0x0000000710800000| Untracked 
|  94|0x0000000710a00000, 0x0000000710a00000, 0x0000000710c00000|  0%| F|  |TAMS 0x0000000710a00000, 0x0000000710a00000| Untracked 
|  95|0x0000000710c00000, 0x0000000710c00000, 0x0000000710e00000|  0%| F|  |TAMS 0x0000000710c00000, 0x0000000710c00000| Untracked 
|  96|0x0000000710e00000, 0x0000000710e00000, 0x0000000711000000|  0%| F|  |TAMS 0x0000000710e00000, 0x0000000710e00000| Untracked 
|  97|0x0000000711000000, 0x0000000711000000, 0x0000000711200000|  0%| F|  |TAMS 0x0000000711000000, 0x0000000711000000| Untracked 
|  98|0x0000000711200000, 0x0000000711200000, 0x0000000711400000|  0%| F|  |TAMS 0x0000000711200000, 0x0000000711200000| Untracked 
|  99|0x0000000711400000, 0x0000000711400000, 0x0000000711600000|  0%| F|  |TAMS 0x0000000711400000, 0x0000000711400000| Untracked 
| 100|0x0000000711600000, 0x0000000711600000, 0x0000000711800000|  0%| F|  |TAMS 0x0000000711600000, 0x0000000711600000| Untracked 
| 101|0x0000000711800000, 0x0000000711800000, 0x0000000711a00000|  0%| F|  |TAMS 0x0000000711800000, 0x0000000711800000| Untracked 
| 102|0x0000000711a00000, 0x0000000711a00000, 0x0000000711c00000|  0%| F|  |TAMS 0x0000000711a00000, 0x0000000711a00000| Untracked 
| 103|0x0000000711c00000, 0x0000000711c00000, 0x0000000711e00000|  0%| F|  |TAMS 0x0000000711c00000, 0x0000000711c00000| Untracked 
| 104|0x0000000711e00000, 0x0000000711e00000, 0x0000000712000000|  0%| F|  |TAMS 0x0000000711e00000, 0x0000000711e00000| Untracked 
| 105|0x0000000712000000, 0x0000000712000000, 0x0000000712200000|  0%| F|  |TAMS 0x0000000712000000, 0x0000000712000000| Untracked 
| 106|0x0000000712200000, 0x0000000712200000, 0x0000000712400000|  0%| F|  |TAMS 0x0000000712200000, 0x0000000712200000| Untracked 
| 107|0x0000000712400000, 0x0000000712400000, 0x0000000712600000|  0%| F|  |TAMS 0x0000000712400000, 0x0000000712400000| Untracked 
| 108|0x0000000712600000, 0x0000000712600000, 0x0000000712800000|  0%| F|  |TAMS 0x0000000712600000, 0x0000000712600000| Untracked 
| 109|0x0000000712800000, 0x0000000712800000, 0x0000000712a00000|  0%| F|  |TAMS 0x0000000712800000, 0x0000000712800000| Untracked 
| 110|0x0000000712a00000, 0x0000000712a00000, 0x0000000712c00000|  0%| F|  |TAMS 0x0000000712a00000, 0x0000000712a00000| Untracked 
| 111|0x0000000712c00000, 0x0000000712c00000, 0x0000000712e00000|  0%| F|  |TAMS 0x0000000712c00000, 0x0000000712c00000| Untracked 
| 112|0x0000000712e00000, 0x0000000712e00000, 0x0000000713000000|  0%| F|  |TAMS 0x0000000712e00000, 0x0000000712e00000| Untracked 
| 113|0x0000000713000000, 0x0000000713000000, 0x0000000713200000|  0%| F|  |TAMS 0x0000000713000000, 0x0000000713000000| Untracked 
| 114|0x0000000713200000, 0x0000000713200000, 0x0000000713400000|  0%| F|  |TAMS 0x0000000713200000, 0x0000000713200000| Untracked 
| 115|0x0000000713400000, 0x0000000713400000, 0x0000000713600000|  0%| F|  |TAMS 0x0000000713400000, 0x0000000713400000| Untracked 
| 116|0x0000000713600000, 0x0000000713600000, 0x0000000713800000|  0%| F|  |TAMS 0x0000000713600000, 0x0000000713600000| Untracked 
| 117|0x0000000713800000, 0x0000000713800000, 0x0000000713a00000|  0%| F|  |TAMS 0x0000000713800000, 0x0000000713800000| Untracked 
| 118|0x0000000713a00000, 0x0000000713a00000, 0x0000000713c00000|  0%| F|  |TAMS 0x0000000713a00000, 0x0000000713a00000| Untracked 
| 119|0x0000000713c00000, 0x0000000713c00000, 0x0000000713e00000|  0%| F|  |TAMS 0x0000000713c00000, 0x0000000713c00000| Untracked 
| 120|0x0000000713e00000, 0x0000000713e00000, 0x0000000714000000|  0%| F|  |TAMS 0x0000000713e00000, 0x0000000713e00000| Untracked 
| 121|0x0000000714000000, 0x0000000714000000, 0x0000000714200000|  0%| F|  |TAMS 0x0000000714000000, 0x0000000714000000| Untracked 
| 122|0x0000000714200000, 0x0000000714200000, 0x0000000714400000|  0%| F|  |TAMS 0x0000000714200000, 0x0000000714200000| Untracked 
| 123|0x0000000714400000, 0x0000000714400000, 0x0000000714600000|  0%| F|  |TAMS 0x0000000714400000, 0x0000000714400000| Untracked 
| 124|0x0000000714600000, 0x0000000714752770, 0x0000000714800000| 66%| E|  |TAMS 0x0000000714600000, 0x0000000714600000| Complete 
| 125|0x0000000714800000, 0x0000000714a00000, 0x0000000714a00000|100%| E|CS|TAMS 0x0000000714800000, 0x0000000714800000| Complete 

Card table byte_map: [0x00000254656d0000,0x0000025465eb0000] _byte_map_base: 0x0000025461ea9000

Marking Bits (Prev, Next): (CMBitMap*) 0x000002545233ed60, (CMBitMap*) 0x000002545233eda0
 Prev Bits: [0x0000025466690000, 0x000002546a558000)
 Next Bits: [0x000002546a560000, 0x000002546e428000)

Polling page: 0x0000025450290000

Metaspace:

Usage:
  Non-class:      5.81 MB used.
      Class:    546.97 KB used.
       Both:      6.34 MB used.

Virtual space:
  Non-class space:        8.00 MB reserved,       5.88 MB ( 73%) committed,  1 nodes.
      Class space:        1.00 GB reserved,     640.00 KB ( <1%) committed,  1 nodes.
             Both:        1.01 GB reserved,       6.50 MB ( <1%) committed. 

Chunk freelists:
   Non-Class:  2.09 MB
       Class:  3.25 MB
        Both:  5.34 MB

MaxMetaspaceSize: unlimited
CompressedClassSpaceSize: 1.00 GB
Initial GC threshold: 21.00 MB
Current GC threshold: 21.00 MB
CDS: off
MetaspaceReclaimPolicy: balanced
 - commit_granule_bytes: 65536.
 - commit_granule_words: 8192.
 - virtual_space_node_default_size: 1048576.
 - enlarge_chunks_in_place: 1.
 - new_chunks_are_fully_committed: 0.
 - uncommit_free_chunks: 1.
 - use_allocation_guard: 0.
 - handle_deallocations: 1.


Internal statistics:

num_allocs_failed_limit: 0.
num_arena_births: 8.
num_arena_deaths: 0.
num_vsnodes_births: 2.
num_vsnodes_deaths: 0.
num_space_committed: 104.
num_space_uncommitted: 0.
num_chunks_returned_to_freelist: 0.
num_chunks_taken_from_freelist: 24.
num_chunk_merges: 0.
num_chunk_splits: 9.
num_chunks_enlarged: 4.
num_purges: 0.
num_inconsistent_stats: 0.

CodeHeap 'non-profiled nmethods': size=120000Kb used=51Kb max_used=51Kb free=119949Kb
 bounds [0x000002545d460000, 0x000002545d6d0000, 0x0000025464990000]
CodeHeap 'profiled nmethods': size=120000Kb used=222Kb max_used=222Kb free=119777Kb
 bounds [0x0000025455f30000, 0x00000254561a0000, 0x000002545d460000]
CodeHeap 'non-nmethods': size=5760Kb used=1112Kb max_used=1125Kb free=4647Kb
 bounds [0x0000025455990000, 0x0000025455c00000, 0x0000025455f30000]
 total_blobs=551 nmethods=176 adapters=288
 compilation: enabled
              stopped_count=0, restarted_count=0
 full_count=0

Compilation events (20 events):
Event: 0.128 Thread 0x0000025471cc4e70 nmethod 165 0x0000025455f60d90 code [0x0000025455f60f60, 0x0000025455f61358]
Event: 0.128 Thread 0x0000025471cc4e70  168       3       jdk.internal.org.objectweb.asm.SymbolTable::put (150 bytes)
Event: 0.128 Thread 0x0000025471cc4e70 nmethod 168 0x0000025455f61510 code [0x0000025455f61700, 0x0000025455f61fd8]
Event: 3.032 Thread 0x0000025471cc4e70  169       3       java.lang.StringUTF16::checkBoundsOffCount (10 bytes)
Event: 3.032 Thread 0x0000025471cc4e70 nmethod 169 0x0000025455f62290 code [0x0000025455f62440, 0x0000025455f625c8]
Event: 3.865 Thread 0x0000025471cc4e70  170       1       java.nio.Buffer::limit (5 bytes)
Event: 3.865 Thread 0x0000025471cc4e70 nmethod 170 0x000002545d46c310 code [0x000002545d46c4a0, 0x000002545d46c578]
Event: 3.865 Thread 0x0000025471cc4e70  171       1       java.nio.Buffer::position (5 bytes)
Event: 3.865 Thread 0x0000025471cc4e70 nmethod 171 0x000002545d46c610 code [0x000002545d46c7a0, 0x000002545d46c878]
Event: 3.865 Thread 0x0000025471cc4e70  172       3       java.lang.StringBuilder::toString (35 bytes)
Event: 3.866 Thread 0x0000025471cc4e70 nmethod 172 0x0000025455f62710 code [0x0000025455f628e0, 0x0000025455f62bb8]
Event: 9.394 Thread 0x0000025471cc4e70  173       3       java.lang.StringUTF16::putChar (54 bytes)
Event: 9.395 Thread 0x0000025471cc4e70 nmethod 173 0x0000025455f62c90 code [0x0000025455f62e20, 0x0000025455f62f78]
Event: 10.011 Thread 0x0000025471cc4e70  174       3       java.nio.Buffer::position (52 bytes)
Event: 10.012 Thread 0x0000025471cc4e70 nmethod 174 0x0000025455f63090 code [0x0000025455f63240, 0x0000025455f634c8]
Event: 10.012 Thread 0x0000025471cc4e70  175 %     3       web.score0602.ScoreEx::main @ 298 (303 bytes)
Event: 10.014 Thread 0x0000025471cc4e70 nmethod 175% 0x0000025455f63590 code [0x0000025455f63bc0, 0x0000025455f66838]
Event: 10.014 Thread 0x0000025471cb8ec0  176 %     4       web.score0602.ScoreEx::main @ 298 (303 bytes)
Event: 10.014 Thread 0x0000025471cb8ec0 nmethod 176% 0x000002545d46c910 code [0x000002545d46ca80, 0x000002545d46cb18]
Event: 10.015 Thread 0x0000025471cb8ec0  177       4       web.score0602.ScoreEx::main (303 bytes)

GC Heap History (0 events):
No events

Deoptimization events (2 events):
Event: 10.014 Thread 0x00000254522eec20 DEOPT PACKING pc=0x0000025455f664da sp=0x000000b29b6ff280
Event: 10.014 Thread 0x00000254522eec20 DEOPT UNPACKING pc=0x00000254559e6763 sp=0x000000b29b6fe800 mode 0

Classes unloaded (0 events):
No events

Classes redefined (0 events):
No events

Internal exceptions (0 events):
No events

VM Operations (2 events):
Event: 1.037 Executing VM operation: Cleanup
Event: 1.037 Executing VM operation: Cleanup done

Events (20 events):
Event: 0.124 loading class java/lang/CharacterData00
Event: 0.124 loading class java/lang/CharacterData00 done
Event: 0.125 loading class java/text/DecimalFormat
Event: 0.125 loading class java/text/DecimalFormat done
Event: 0.125 loading class java/text/FieldPosition
Event: 0.125 loading class java/text/FieldPosition done
Event: 0.125 loading class java/text/DigitList
Event: 0.125 loading class java/text/DigitList done
Event: 0.125 loading class java/math/RoundingMode
Event: 0.125 loading class java/math/RoundingMode done
Event: 0.127 loading class java/util/regex/Pattern$GroupTail
Event: 0.127 loading class java/util/regex/Pattern$GroupTail done
Event: 0.128 loading class java/util/regex/Pattern$BranchConn
Event: 0.128 loading class java/util/regex/Pattern$BranchConn done
Event: 0.128 loading class java/util/regex/Pattern$Branch
Event: 0.128 loading class java/util/regex/Pattern$Branch done
Event: 0.128 loading class java/util/regex/Pattern$Dollar
Event: 0.128 loading class java/util/regex/Pattern$Dollar done
Event: 2.547 loading class java/util/regex/Matcher$ImmutableMatchResult
Event: 2.547 loading class java/util/regex/Matcher$ImmutableMatchResult done


Dynamic libraries:
0x00007ff6890a0000 - 0x00007ff6890ae000 	C:\_dev\eclipse-jee-2021-12-R-win32-x86_64\eclipse\plugins\org.eclipse.justj.openjdk.hotspot.jre.full.win32.x86_64_17.0.1.v20211116-1657\jre\bin\javaw.exe
0x00007ffa0e370000 - 0x00007ffa0e584000 	C:\Windows\SYSTEM32\ntdll.dll
0x00007ffa0d930000 - 0x00007ffa0d9f2000 	C:\Windows\System32\KERNEL32.DLL
0x00007ffa0b930000 - 0x00007ffa0bcd3000 	C:\Windows\System32\KERNELBASE.dll
0x00007ffa0bfe0000 - 0x00007ffa0c0f1000 	C:\Windows\System32\ucrtbase.dll
0x00007ffa07810000 - 0x00007ffa07828000 	C:\_dev\eclipse-jee-2021-12-R-win32-x86_64\eclipse\plugins\org.eclipse.justj.openjdk.hotspot.jre.full.win32.x86_64_17.0.1.v20211116-1657\jre\bin\jli.dll
0x00007ffa00f40000 - 0x00007ffa00f59000 	C:\_dev\eclipse-jee-2021-12-R-win32-x86_64\eclipse\plugins\org.eclipse.justj.openjdk.hotspot.jre.full.win32.x86_64_17.0.1.v20211116-1657\jre\bin\VCRUNTIME140.dll
0x00007ffa0d240000 - 0x00007ffa0d3eb000 	C:\Windows\System32\USER32.dll
0x00007ffa0b790000 - 0x00007ffa0b7b6000 	C:\Windows\System32\win32u.dll
0x00007ffa0c410000 - 0x00007ffa0c439000 	C:\Windows\System32\GDI32.dll
0x00007ff9ff5a0000 - 0x00007ff9ff82e000 	C:\Windows\WinSxS\amd64_microsoft.windows.common-controls_6595b64144ccf1df_6.0.22621.1635_none_270f70857386168e\COMCTL32.dll
0x00007ffa0bd60000 - 0x00007ffa0be78000 	C:\Windows\System32\gdi32full.dll
0x00007ffa0c270000 - 0x00007ffa0c317000 	C:\Windows\System32\msvcrt.dll
0x00007ffa0bf40000 - 0x00007ffa0bfda000 	C:\Windows\System32\msvcp_win.dll
0x00007ffa0da00000 - 0x00007ffa0da31000 	C:\Windows\System32\IMM32.DLL
0x00007ffa08b30000 - 0x00007ffa08b3c000 	C:\_dev\eclipse-jee-2021-12-R-win32-x86_64\eclipse\plugins\org.eclipse.justj.openjdk.hotspot.jre.full.win32.x86_64_17.0.1.v20211116-1657\jre\bin\vcruntime140_1.dll
0x00007ff9f8180000 - 0x00007ff9f8211000 	C:\_dev\eclipse-jee-2021-12-R-win32-x86_64\eclipse\plugins\org.eclipse.justj.openjdk.hotspot.jre.full.win32.x86_64_17.0.1.v20211116-1657\jre\bin\msvcp140.dll
0x00007ff9a1d60000 - 0x00007ff9a29a6000 	C:\_dev\eclipse-jee-2021-12-R-win32-x86_64\eclipse\plugins\org.eclipse.justj.openjdk.hotspot.jre.full.win32.x86_64_17.0.1.v20211116-1657\jre\bin\server\jvm.dll
0x00007ffa0de10000 - 0x00007ffa0debe000 	C:\Windows\System32\ADVAPI32.dll
0x00007ffa0e280000 - 0x00007ffa0e324000 	C:\Windows\System32\sechost.dll
0x00007ffa0dfc0000 - 0x00007ffa0e0d7000 	C:\Windows\System32\RPCRT4.dll
0x00007ffa0c320000 - 0x00007ffa0c328000 	C:\Windows\System32\PSAPI.DLL
0x00007ff9da990000 - 0x00007ff9da999000 	C:\Windows\SYSTEM32\WSOCK32.dll
0x00007ffa055e0000 - 0x00007ffa055ea000 	C:\Windows\SYSTEM32\VERSION.dll
0x00007ff9fa660000 - 0x00007ff9fa694000 	C:\Windows\SYSTEM32\WINMM.dll
0x00007ffa0c9c0000 - 0x00007ffa0ca31000 	C:\Windows\System32\WS2_32.dll
0x00007ffa0aa20000 - 0x00007ffa0aa38000 	C:\Windows\SYSTEM32\kernel.appcore.dll
0x00007ff9d9130000 - 0x00007ff9d913a000 	C:\_dev\eclipse-jee-2021-12-R-win32-x86_64\eclipse\plugins\org.eclipse.justj.openjdk.hotspot.jre.full.win32.x86_64_17.0.1.v20211116-1657\jre\bin\jimage.dll
0x00007ff9f7330000 - 0x00007ff9f755e000 	C:\Windows\SYSTEM32\DBGHELP.DLL
0x00007ffa0da40000 - 0x00007ffa0ddc9000 	C:\Windows\System32\combase.dll
0x00007ffa0c330000 - 0x00007ffa0c407000 	C:\Windows\System32\OLEAUT32.dll
0x00007ff9f6f80000 - 0x00007ff9f6fb2000 	C:\Windows\SYSTEM32\dbgcore.DLL
0x00007ffa0bce0000 - 0x00007ffa0bd5b000 	C:\Windows\System32\bcryptPrimitives.dll
0x00007ff9a1d30000 - 0x00007ff9a1d55000 	C:\_dev\eclipse-jee-2021-12-R-win32-x86_64\eclipse\plugins\org.eclipse.justj.openjdk.hotspot.jre.full.win32.x86_64_17.0.1.v20211116-1657\jre\bin\java.dll
0x00007ff9a1d10000 - 0x00007ff9a1d28000 	C:\_dev\eclipse-jee-2021-12-R-win32-x86_64\eclipse\plugins\org.eclipse.justj.openjdk.hotspot.jre.full.win32.x86_64_17.0.1.v20211116-1657\jre\bin\zip.dll
0x00007ffa0ca40000 - 0x00007ffa0d23a000 	C:\Windows\System32\SHELL32.dll
0x00007ffa09790000 - 0x00007ffa0a05e000 	C:\Windows\SYSTEM32\windows.storage.dll
0x00007ffa09650000 - 0x00007ffa0978e000 	C:\Windows\SYSTEM32\wintypes.dll
0x00007ffa0c6a0000 - 0x00007ffa0c791000 	C:\Windows\System32\SHCORE.dll
0x00007ffa0d3f0000 - 0x00007ffa0d44e000 	C:\Windows\System32\shlwapi.dll
0x00007ffa0b6c0000 - 0x00007ffa0b6e1000 	C:\Windows\SYSTEM32\profapi.dll

dbghelp: loaded successfully - version: 4.0.5 - missing functions: none
symbol engine: initialized successfully - sym options: 0x614 - pdb path: .;C:\_dev\eclipse-jee-2021-12-R-win32-x86_64\eclipse\plugins\org.eclipse.justj.openjdk.hotspot.jre.full.win32.x86_64_17.0.1.v20211116-1657\jre\bin;C:\Windows\SYSTEM32;C:\Windows\WinSxS\amd64_microsoft.windows.common-controls_6595b64144ccf1df_6.0.22621.1635_none_270f70857386168e;C:\_dev\eclipse-jee-2021-12-R-win32-x86_64\eclipse\plugins\org.eclipse.justj.openjdk.hotspot.jre.full.win32.x86_64_17.0.1.v20211116-1657\jre\bin\server

VM Arguments:
jvm_args: -Dfile.encoding=UTF-8 -XX:+ShowCodeDetailsInExceptionMessages 
java_command: web.score0602.ScoreEx
java_class_path (initial): C:\_dev\SelfStudyJava\web.score0602\build\classes;C:\_dev\apache-tomcat-9.0.75\lib\annotations-api.jar;C:\_dev\apache-tomcat-9.0.75\lib\catalina-ant.jar;C:\_dev\apache-tomcat-9.0.75\lib\catalina-ha.jar;C:\_dev\apache-tomcat-9.0.75\lib\catalina-ssi.jar;C:\_dev\apache-tomcat-9.0.75\lib\catalina-storeconfig.jar;C:\_dev\apache-tomcat-9.0.75\lib\catalina-tribes.jar;C:\_dev\apache-tomcat-9.0.75\lib\catalina.jar;C:\_dev\apache-tomcat-9.0.75\lib\ecj-4.20.jar;C:\_dev\apache-tomcat-9.0.75\lib\el-api.jar;C:\_dev\apache-tomcat-9.0.75\lib\jasper-el.jar;C:\_dev\apache-tomcat-9.0.75\lib\jasper.jar;C:\_dev\apache-tomcat-9.0.75\lib\jaspic-api.jar;C:\_dev\apache-tomcat-9.0.75\lib\jsp-api.jar;C:\_dev\apache-tomcat-9.0.75\lib\servlet-api.jar;C:\_dev\apache-tomcat-9.0.75\lib\tomcat-api.jar;C:\_dev\apache-tomcat-9.0.75\lib\tomcat-coyote.jar;C:\_dev\apache-tomcat-9.0.75\lib\tomcat-dbcp.jar;C:\_dev\apache-tomcat-9.0.75\lib\tomcat-i18n-cs.jar;C:\_dev\apache-tomcat-9.0.75\lib\tomcat-i18n-de.jar;C:\_dev\apache-tomcat-9.0.75\lib\tomcat-i18n-es.jar;C:\_dev\apache-tomcat-9.0.75\lib\tomcat-i18n-fr.jar;C:\_dev\apache-tomcat-9.0.75\lib\tomcat-i18n-ja.jar;C:\_dev\apache-tomcat-9.0.75\lib\tomcat-i18n-ko.jar;C:\_dev\apache-tomcat-9.0.75\lib\tomcat-i18n-pt-BR.jar;C:\_dev\apache-tomcat-9.0.75\lib\tomcat-i18n-ru.jar;C:\_dev\apache-tomcat-9.0.75\lib\tomcat-i18n-zh-CN.jar;C:\_dev\apache-tomcat-9.0.75\lib\tomcat-jdbc.jar;C:\_dev\apache-tomcat-9.0.75\lib\tomcat-jni.jar;C:\_dev\apache-tomcat-9.0.75\lib\tomcat-util-scan.jar;C:\_dev\apache-tomcat-9.0.75\lib\tomcat-util.jar;C:\_dev\apache-tomcat-9.0.75\lib\tomcat-websocket.jar;C:\_dev\apache-tomcat-9.0.75\lib\websocket-api.jar
Launcher Type: SUN_STANDARD

[Global flags]
     intx CICompilerCount                          = 4                                         {product} {ergonomic}
     uint ConcGCThreads                            = 3                                         {product} {ergonomic}
     uint G1ConcRefinementThreads                  = 10                                        {product} {ergonomic}
   size_t G1HeapRegionSize                         = 2097152                                   {product} {ergonomic}
    uintx GCDrainStackTargetSize                   = 64                                        {product} {ergonomic}
   size_t InitialHeapSize                          = 264241152                                 {product} {ergonomic}
   size_t MarkStackSize                            = 4194304                                   {product} {ergonomic}
   size_t MaxHeapSize                              = 4213178368                                {product} {ergonomic}
   size_t MaxNewSize                               = 2527068160                                {product} {ergonomic}
   size_t MinHeapDeltaBytes                        = 2097152                                   {product} {ergonomic}
   size_t MinHeapSize                              = 8388608                                   {product} {ergonomic}
    uintx NonNMethodCodeHeapSize                   = 5839372                                {pd product} {ergonomic}
    uintx NonProfiledCodeHeapSize                  = 122909434                              {pd product} {ergonomic}
    uintx ProfiledCodeHeapSize                     = 122909434                              {pd product} {ergonomic}
    uintx ReservedCodeCacheSize                    = 251658240                              {pd product} {ergonomic}
     bool SegmentedCodeCache                       = true                                      {product} {ergonomic}
     bool ShowCodeDetailsInExceptionMessages       = true                                   {manageable} {command line}
   size_t SoftMaxHeapSize                          = 4213178368                             {manageable} {ergonomic}
     bool UseCompressedClassPointers               = true                           {product lp64_product} {ergonomic}
     bool UseCompressedOops                        = true                           {product lp64_product} {ergonomic}
     bool UseG1GC                                  = true                                      {product} {ergonomic}
     bool UseLargePagesIndividualAllocation        = false                                  {pd product} {ergonomic}

Logging:
Log output configuration:
 #0: stdout all=warning uptime,level,tags
 #1: stderr all=off uptime,level,tags

Environment Variables:
JAVA_HOME=C:\Program Files\Java\jdk-11
PATH=C:/_dev/eclipse-jee-2021-12-R-win32-x86_64/eclipse//plugins/org.eclipse.justj.openjdk.hotspot.jre.full.win32.x86_64_17.0.1.v20211116-1657/jre/bin/server;C:/_dev/eclipse-jee-2021-12-R-win32-x86_64/eclipse//plugins/org.eclipse.justj.openjdk.hotspot.jre.full.win32.x86_64_17.0.1.v20211116-1657/jre/bin;%JAVA_HOME%\bin;C:\Program Files\Common Files\Oracle\Java\javapath;C:\Windows\system32;C:\Windows;C:\Windows\System32\Wbem;C:\Windows\System32\WindowsPowerShell\v1.0\;C:\Windows\System32\OpenSSH\;C:\Program Files\Bandizip\;C:\Users\1\AppData\Local\Microsoft\WindowsApps;;C:\Users\1\AppData\Local\Programs\Microsoft VS Code\bin;C:\_dev\eclipse-jee-2021-12-R-win32-x86_64\eclipse;
USERNAME=1
OS=Windows_NT
PROCESSOR_IDENTIFIER=Intel64 Family 6 Model 167 Stepping 1, GenuineIntel



---------------  S Y S T E M  ---------------

OS:
 Windows 10 , 64 bit Build 22621 (10.0.22621.1635)
OS uptime: 14 days 0:07 hours

CPU: total 12 (initial active 12) (6 cores per cpu, 2 threads per core) family 6 model 167 stepping 1 microcode 0x3c, cx8, cmov, fxsr, ht, mmx, 3dnowpref, sse, sse2, sse3, ssse3, sse4.1, sse4.2, popcnt, lzcnt, tsc, tscinvbit, avx, avx2, aes, erms, clmul, bmi1, bmi2, adx, avx512f, avx512dq, avx512cd, avx512bw, avx512vl, sha, fma, vzeroupper, avx512_vpopcntdq, avx512_vpclmulqdq, avx512_vaes, avx512_vnni, clflush, clflushopt, avx512_vbmi2, avx512_vbmi

Memory: 4k page, system-wide physical 16071M (9755M free)
TotalPageFile size 18503M (AvailPageFile size 9855M)
current process WorkingSet (physical memory assigned to process): 39M, peak: 39M
current process commit charge ("private bytes"): 342M, peak: 342M

vm_info: OpenJDK 64-Bit Server VM (17.0.1+12) for windows-amd64 JRE (17.0.1+12), built on Oct 20 2021 07:42:55 by "" with MS VC++ 16.7 (VS2019)

END.
