#
# There is insufficient memory for the Java Runtime Environment to continue.
# Native memory allocation (mmap) failed to map 264241152 bytes for G1 virtual space
# Possible reasons:
#   The system is out of physical RAM or swap space
#   The process is running with CompressedOops enabled, and the Java Heap may be blocking the growth of the native heap
# Possible solutions:
#   Reduce memory load on the system
#   Increase physical memory or swap space
#   Check if swap backing store is full
#   Decrease Java heap size (-Xmx/-Xms)
#   Decrease number of Java threads
#   Decrease Java thread stack sizes (-Xss)
#   Set larger code cache with -XX:ReservedCodeCacheSize=
#   JVM is running with Zero Based Compressed Oops mode in which the Java heap is
#     placed in the first 32GB address space. The Java Heap base address is the
#     maximum limit for the native heap growth. Please use -XX:HeapBaseMinAddress
#     to set the Java Heap base and to place the Java Heap above 32GB virtual address.
# This output file may be truncated or incomplete.
#
#  Out of Memory Error (os_windows.cpp:3469), pid=23456, tid=24972
#
# JRE version:  (17.0.1+12) (build )
# Java VM: OpenJDK 64-Bit Server VM (17.0.1+12, mixed mode, sharing, tiered, compressed oops, compressed class ptrs, g1 gc, windows-amd64)
# No core dump will be written. Minidumps are not enabled by default on client versions of Windows
#

---------------  S U M M A R Y ------------

Command Line: -Dfile.encoding=UTF-8 --module-path=C:\_dev\SelfStudyJava\swing0614\bin -XX:+ShowCodeDetailsInExceptionMessages -Djdk.module.main=swing0614 swing0614/swing0614.WinPerson

Host: 11th Gen Intel(R) Core(TM) i5-11400 @ 2.60GHz, 12 cores, 15G,  Windows 10 , 64 bit Build 22621 (10.0.22621.1635)
Time: Wed Jun 14 14:20:54 2023  Windows 10 , 64 bit Build 22621 (10.0.22621.1635) elapsed time: 0.008433 seconds (0d 0h 0m 0s)

---------------  T H R E A D  ---------------

Current thread (0x0000017f5472a270):  JavaThread "Unknown thread" [_thread_in_vm, id=24972, stack(0x0000007e2d600000,0x0000007e2d700000)]

Stack: [0x0000007e2d600000,0x0000007e2d700000]
Native frames: (J=compiled Java code, j=interpreted, Vv=VM code, C=native code)
V  [jvm.dll+0x6744da]
V  [jvm.dll+0x82e144]
V  [jvm.dll+0x82f8ee]
V  [jvm.dll+0x82ff53]
V  [jvm.dll+0x245175]
V  [jvm.dll+0x6714c9]
V  [jvm.dll+0x665f92]
V  [jvm.dll+0x303c3b]
V  [jvm.dll+0x30b176]
V  [jvm.dll+0x35af1e]
V  [jvm.dll+0x35b14f]
V  [jvm.dll+0x2dab78]
V  [jvm.dll+0x2dbae4]
V  [jvm.dll+0x7ffdf1]
V  [jvm.dll+0x368c91]
V  [jvm.dll+0x7df2cc]
V  [jvm.dll+0x3eb59f]
V  [jvm.dll+0x3ed121]
C  [jli.dll+0x5277]
C  [ucrtbase.dll+0x29363]
C  [KERNEL32.DLL+0x126ad]
C  [ntdll.dll+0x5a9f8]


---------------  P R O C E S S  ---------------

Threads class SMR info:
_java_thread_list=0x00007ff9abce4e58, length=0, elements={
}

Java Threads: ( => current thread )

Other Threads:
  0x0000017f5477af40 GCTaskThread "GC Thread#0" [stack: 0x0000007e2d700000,0x0000007e2d800000] [id=15376]
  0x0000017f5478c310 ConcurrentGCThread "G1 Main Marker" [stack: 0x0000007e2d800000,0x0000007e2d900000] [id=34076]
  0x0000017f5478dd30 ConcurrentGCThread "G1 Conc#0" [stack: 0x0000007e2d900000,0x0000007e2da00000] [id=21792]

[error occurred during error reporting (printing all threads), id 0xc0000005, EXCEPTION_ACCESS_VIOLATION (0xc0000005) at pc=0x00007ff9ab4bb5f7]

VM state: not at safepoint (not fully initialized)

VM Mutex/Monitor currently owned by a thread:  ([mutex/lock_event])
[0x0000017f54726a80] Heap_lock - owner thread: 0x0000017f5472a270

Heap address: 0x0000000704e00000, size: 4018 MB, Compressed Oops mode: Zero based, Oop shift amount: 3

CDS archive(s) mapped at: [0x0000000000000000-0x0000000000000000-0x0000000000000000), size 0, SharedBaseAddress: 0x0000000800000000, ArchiveRelocationMode: 0.
Narrow klass base: 0x0000000000000000, Narrow klass shift: 0, Narrow klass range: 0x0

GC Precious Log:
<Empty>

Heap:
 garbage-first heap   total 0K, used 0K [0x0000000704e00000, 0x0000000800000000)
  region size 2048K, 0 young (0K), 0 survivors (0K)

[error occurred during error reporting (printing heap information), id 0xc0000005, EXCEPTION_ACCESS_VIOLATION (0xc0000005) at pc=0x00007ff9ab89d729]

GC Heap History (0 events):
No events

Deoptimization events (0 events):
No events

Classes unloaded (0 events):
No events

Classes redefined (0 events):
No events

Internal exceptions (0 events):
No events

VM Operations (0 events):
No events

Events (1 events):
Event: 0.005 Loaded shared library C:\_dev\eclipse-jee-2021-12-R-win32-x86_64\eclipse\plugins\org.eclipse.justj.openjdk.hotspot.jre.full.win32.x86_64_17.0.1.v20211116-1657\jre\bin\java.dll


Dynamic libraries:
0x00007ff610b80000 - 0x00007ff610b8e000 	C:\_dev\eclipse-jee-2021-12-R-win32-x86_64\eclipse\plugins\org.eclipse.justj.openjdk.hotspot.jre.full.win32.x86_64_17.0.1.v20211116-1657\jre\bin\javaw.exe
0x00007ffa0e370000 - 0x00007ffa0e584000 	C:\Windows\SYSTEM32\ntdll.dll
0x00007ffa0d930000 - 0x00007ffa0d9f2000 	C:\Windows\System32\KERNEL32.DLL
0x00007ffa0b930000 - 0x00007ffa0bcd3000 	C:\Windows\System32\KERNELBASE.dll
0x00007ffa0bfe0000 - 0x00007ffa0c0f1000 	C:\Windows\System32\ucrtbase.dll
0x00007ff9f7e40000 - 0x00007ff9f7e59000 	C:\_dev\eclipse-jee-2021-12-R-win32-x86_64\eclipse\plugins\org.eclipse.justj.openjdk.hotspot.jre.full.win32.x86_64_17.0.1.v20211116-1657\jre\bin\VCRUNTIME140.dll
0x00007ff9f7f30000 - 0x00007ff9f7f48000 	C:\_dev\eclipse-jee-2021-12-R-win32-x86_64\eclipse\plugins\org.eclipse.justj.openjdk.hotspot.jre.full.win32.x86_64_17.0.1.v20211116-1657\jre\bin\jli.dll
0x00007ffa0d240000 - 0x00007ffa0d3eb000 	C:\Windows\System32\USER32.dll
0x00007ffa0b790000 - 0x00007ffa0b7b6000 	C:\Windows\System32\win32u.dll
0x00007ffa0c410000 - 0x00007ffa0c439000 	C:\Windows\System32\GDI32.dll
0x00007ff9ff5a0000 - 0x00007ff9ff82e000 	C:\Windows\WinSxS\amd64_microsoft.windows.common-controls_6595b64144ccf1df_6.0.22621.1635_none_270f70857386168e\COMCTL32.dll
0x00007ffa0bd60000 - 0x00007ffa0be78000 	C:\Windows\System32\gdi32full.dll
0x00007ffa0c270000 - 0x00007ffa0c317000 	C:\Windows\System32\msvcrt.dll
0x00007ffa0bf40000 - 0x00007ffa0bfda000 	C:\Windows\System32\msvcp_win.dll
0x00007ffa0da00000 - 0x00007ffa0da31000 	C:\Windows\System32\IMM32.DLL
0x00007ffa00fd0000 - 0x00007ffa00fdc000 	C:\_dev\eclipse-jee-2021-12-R-win32-x86_64\eclipse\plugins\org.eclipse.justj.openjdk.hotspot.jre.full.win32.x86_64_17.0.1.v20211116-1657\jre\bin\vcruntime140_1.dll
0x00007ff9dfaf0000 - 0x00007ff9dfb81000 	C:\_dev\eclipse-jee-2021-12-R-win32-x86_64\eclipse\plugins\org.eclipse.justj.openjdk.hotspot.jre.full.win32.x86_64_17.0.1.v20211116-1657\jre\bin\msvcp140.dll
0x00007ff9ab1d0000 - 0x00007ff9abe16000 	C:\_dev\eclipse-jee-2021-12-R-win32-x86_64\eclipse\plugins\org.eclipse.justj.openjdk.hotspot.jre.full.win32.x86_64_17.0.1.v20211116-1657\jre\bin\server\jvm.dll
0x00007ffa0de10000 - 0x00007ffa0debe000 	C:\Windows\System32\ADVAPI32.dll
0x00007ffa0e280000 - 0x00007ffa0e324000 	C:\Windows\System32\sechost.dll
0x00007ffa0dfc0000 - 0x00007ffa0e0d7000 	C:\Windows\System32\RPCRT4.dll
0x00007ffa0c320000 - 0x00007ffa0c328000 	C:\Windows\System32\PSAPI.DLL
0x00007ffa055e0000 - 0x00007ffa055ea000 	C:\Windows\SYSTEM32\VERSION.dll
0x00007ffa08b60000 - 0x00007ffa08b69000 	C:\Windows\SYSTEM32\WSOCK32.dll
0x00007ffa0c9c0000 - 0x00007ffa0ca31000 	C:\Windows\System32\WS2_32.dll
0x00007ff9fa660000 - 0x00007ff9fa694000 	C:\Windows\SYSTEM32\WINMM.dll
0x00007ffa0aa20000 - 0x00007ffa0aa38000 	C:\Windows\SYSTEM32\kernel.appcore.dll
0x00007ffa08b50000 - 0x00007ffa08b5a000 	C:\_dev\eclipse-jee-2021-12-R-win32-x86_64\eclipse\plugins\org.eclipse.justj.openjdk.hotspot.jre.full.win32.x86_64_17.0.1.v20211116-1657\jre\bin\jimage.dll
0x00007ff9f7330000 - 0x00007ff9f755e000 	C:\Windows\SYSTEM32\DBGHELP.DLL
0x00007ffa0da40000 - 0x00007ffa0ddc9000 	C:\Windows\System32\combase.dll
0x00007ffa0c330000 - 0x00007ffa0c407000 	C:\Windows\System32\OLEAUT32.dll
0x00007ff9f6f80000 - 0x00007ff9f6fb2000 	C:\Windows\SYSTEM32\dbgcore.DLL
0x00007ffa0bce0000 - 0x00007ffa0bd5b000 	C:\Windows\System32\bcryptPrimitives.dll
0x00007ff9e4f50000 - 0x00007ff9e4f75000 	C:\_dev\eclipse-jee-2021-12-R-win32-x86_64\eclipse\plugins\org.eclipse.justj.openjdk.hotspot.jre.full.win32.x86_64_17.0.1.v20211116-1657\jre\bin\java.dll

dbghelp: loaded successfully - version: 4.0.5 - missing functions: none
symbol engine: initialized successfully - sym options: 0x614 - pdb path: .;C:\_dev\eclipse-jee-2021-12-R-win32-x86_64\eclipse\plugins\org.eclipse.justj.openjdk.hotspot.jre.full.win32.x86_64_17.0.1.v20211116-1657\jre\bin;C:\Windows\SYSTEM32;C:\Windows\WinSxS\amd64_microsoft.windows.common-controls_6595b64144ccf1df_6.0.22621.1635_none_270f70857386168e;C:\_dev\eclipse-jee-2021-12-R-win32-x86_64\eclipse\plugins\org.eclipse.justj.openjdk.hotspot.jre.full.win32.x86_64_17.0.1.v20211116-1657\jre\bin\server

VM Arguments:
jvm_args: -Dfile.encoding=UTF-8 --module-path=C:\_dev\SelfStudyJava\swing0614\bin -XX:+ShowCodeDetailsInExceptionMessages -Djdk.module.main=swing0614 
java_command: swing0614/swing0614.WinPerson
java_class_path (initial): C:\Users\1\Downloads\mariadb-java-client-3.1.4.jar
Launcher Type: SUN_STANDARD

[Global flags]
     intx CICompilerCount                          = 4                                         {product} {ergonomic}
     uint ConcGCThreads                            = 3                                         {product} {ergonomic}
     uint G1ConcRefinementThreads                  = 10                                        {product} {ergonomic}
   size_t G1HeapRegionSize                         = 2097152                                   {product} {ergonomic}
    uintx GCDrainStackTargetSize                   = 64                                        {product} {ergonomic}
   size_t InitialHeapSize                          = 264241152                                 {product} {ergonomic}
   size_t MarkStackSize                            = 4194304                                   {product} {ergonomic}
   size_t MaxHeapSize                              = 4213178368                                {product} {ergonomic}
   size_t MinHeapDeltaBytes                        = 2097152                                   {product} {ergonomic}
   size_t MinHeapSize                              = 8388608                                   {product} {ergonomic}
    uintx NonNMethodCodeHeapSize                   = 5839372                                {pd product} {ergonomic}
    uintx NonProfiledCodeHeapSize                  = 122909434                              {pd product} {ergonomic}
    uintx ProfiledCodeHeapSize                     = 122909434                              {pd product} {ergonomic}
    uintx ReservedCodeCacheSize                    = 251658240                              {pd product} {ergonomic}
     bool SegmentedCodeCache                       = true                                      {product} {ergonomic}
     bool ShowCodeDetailsInExceptionMessages       = true                                   {manageable} {command line}
   size_t SoftMaxHeapSize                          = 4213178368                             {manageable} {ergonomic}
     bool UseCompressedClassPointers               = true                           {product lp64_product} {ergonomic}
     bool UseCompressedOops                        = true                           {product lp64_product} {ergonomic}
     bool UseG1GC                                  = true                                      {product} {ergonomic}
     bool UseLargePagesIndividualAllocation        = false                                  {pd product} {ergonomic}

Logging:
Log output configuration:
 #0: stdout all=warning uptime,level,tags
 #1: stderr all=off uptime,level,tags

Environment Variables:
JAVA_HOME=C:\Program Files\Java\jdk-11
PATH=C:/_dev/eclipse-jee-2021-12-R-win32-x86_64/eclipse//plugins/org.eclipse.justj.openjdk.hotspot.jre.full.win32.x86_64_17.0.1.v20211116-1657/jre/bin/server;C:/_dev/eclipse-jee-2021-12-R-win32-x86_64/eclipse//plugins/org.eclipse.justj.openjdk.hotspot.jre.full.win32.x86_64_17.0.1.v20211116-1657/jre/bin;%JAVA_HOME%\bin;C:\Program Files\Common Files\Oracle\Java\javapath;C:\Windows\system32;C:\Windows;C:\Windows\System32\Wbem;C:\Windows\System32\WindowsPowerShell\v1.0\;C:\Windows\System32\OpenSSH\;C:\Program Files\Bandizip\;C:\Users\1\AppData\Local\Microsoft\WindowsApps;;C:\Users\1\AppData\Local\Programs\Microsoft VS Code\bin;C:\_dev\eclipse-jee-2021-12-R-win32-x86_64\eclipse;
USERNAME=1
OS=Windows_NT
PROCESSOR_IDENTIFIER=Intel64 Family 6 Model 167 Stepping 1, GenuineIntel



---------------  S Y S T E M  ---------------

OS:
 Windows 10 , 64 bit Build 22621 (10.0.22621.1635)
OS uptime: 26 days 0:08 hours

CPU: total 12 (initial active 12) (6 cores per cpu, 2 threads per core) family 6 model 167 stepping 1 microcode 0x3c, cx8, cmov, fxsr, ht, mmx, 3dnowpref, sse, sse2, sse3, ssse3, sse4.1, sse4.2, popcnt, lzcnt, tsc, tscinvbit, avx, avx2, aes, erms, clmul, bmi1, bmi2, adx, avx512f, avx512dq, avx512cd, avx512bw, avx512vl, sha, fma, vzeroupper, avx512_vpopcntdq, avx512_vpclmulqdq, avx512_vaes, avx512_vnni, clflush, clflushopt, avx512_vbmi2, avx512_vbmi

Memory: 4k page, system-wide physical 16071M (5091M free)
TotalPageFile size 44571M (AvailPageFile size 190M)
current process WorkingSet (physical memory assigned to process): 11M, peak: 11M
current process commit charge ("private bytes"): 64M, peak: 316M

vm_info: OpenJDK 64-Bit Server VM (17.0.1+12) for windows-amd64 JRE (17.0.1+12), built on Oct 20 2021 07:42:55 by "" with MS VC++ 16.7 (VS2019)

END.
